# JRE version: OpenJDK Runtime Environment (11.0.10) (build 11.0.10+0-b96-7249189)
# Java VM: OpenJDK 64-Bit Server VM (11.0.10+0-b96-7249189, mixed mode, tiered, compressed oops, g1 gc, windows-amd64)
Heap:
 garbage-first heap   total 196608K, used 146472K [0x0000000080000000, 0x0000000100000000)
  region size 1024K, 108 young (110592K), 8 survivors (8192K)
 Metaspace       used 64339K, capacity 65912K, committed 66172K, reserved 1107968K
  class space    used 8133K, capacity 8678K, committed 8704K, reserved 1048576K
GC Heap History (17 events):
Event: 1.252 GC heap before
{Heap before GC invocations=0 (full 0):
 garbage-first heap   total 196608K, used 19456K [0x0000000080000000, 0x0000000100000000)
  region size 1024K, 14 young (14336K), 0 survivors (0K)
 Metaspace       used 6748K, capacity 6925K, committed 7168K, reserved 1056768K
  class space    used 582K, capacity 650K, committed 768K, reserved 1048576K
}
Event: 1.261 GC heap after
{Heap after GC invocations=1 (full 0):
 garbage-first heap   total 196608K, used 8383K [0x0000000080000000, 0x0000000100000000)
  region size 1024K, 2 young (2048K), 2 survivors (2048K)
 Metaspace       used 6748K, capacity 6925K, committed 7168K, reserved 1056768K
  class space    used 582K, capacity 650K, committed 768K, reserved 1048576K
}
Event: 2.645 GC heap before
{Heap before GC invocations=1 (full 0):
 garbage-first heap   total 196608K, used 19647K [0x0000000080000000, 0x0000000100000000)
  region size 1024K, 13 young (13312K), 2 survivors (2048K)
 Metaspace       used 9875K, capacity 10054K, committed 10112K, reserved 1058816K
  class space    used 1022K, capacity 1102K, committed 1152K, reserved 1048576K
}
Event: 2.651 GC heap after
{Heap after GC invocations=2 (full 0):
 garbage-first heap   total 196608K, used 9477K [0x0000000080000000, 0x0000000100000000)
  region size 1024K, 2 young (2048K), 2 survivors (2048K)
 Metaspace       used 9875K, capacity 10054K, committed 10112K, reserved 1058816K
  class space    used 1022K, capacity 1102K, committed 1152K, reserved 1048576K
}
Event: 3.995 GC heap before
{Heap before GC invocations=2 (full 0):
 garbage-first heap   total 196608K, used 39173K [0x0000000080000000, 0x0000000100000000)
  region size 1024K, 30 young (30720K), 2 survivors (2048K)
 Metaspace       used 10777K, capacity 11007K, committed 11264K, reserved 1058816K
  class space    used 1125K, capacity 1206K, committed 1280K, reserved 1048576K
}
Event: 4.002 GC heap after
{Heap after GC invocations=3 (full 0):
 garbage-first heap   total 196608K, used 12388K [0x0000000080000000, 0x0000000100000000)
  region size 1024K, 3 young (3072K), 3 survivors (3072K)
 Metaspace       used 10777K, capacity 11007K, committed 11264K, reserved 1058816K
  class space    used 1125K, capacity 1206K, committed 1280K, reserved 1048576K
}
Event: 10.500 GC heap before
{Heap before GC invocations=3 (full 0):
 garbage-first heap   total 196608K, used 77924K [0x0000000080000000, 0x0000000100000000)
  region size 1024K, 69 young (70656K), 3 survivors (3072K)
 Metaspace       used 20630K, capacity 21154K, committed 21296K, reserved 1069056K
  class space    used 2513K, capacity 2688K, committed 2688K, reserved 1048576K
}
Event: 10.523 GC heap after
{Heap after GC invocations=4 (full 0):
 garbage-first heap   total 196608K, used 16818K [0x0000000080000000, 0x0000000100000000)
  region size 1024K, 9 young (9216K), 9 survivors (9216K)
 Metaspace       used 20630K, capacity 21154K, committed 21296K, reserved 1069056K
  class space    used 2513K, capacity 2688K, committed 2688K, reserved 1048576K
}
Event: 14.164 GC heap before
{Heap before GC invocations=5 (full 0):
 garbage-first heap   total 196608K, used 93618K [0x0000000080000000, 0x0000000100000000)
  region size 1024K, 85 young (87040K), 9 survivors (9216K)
 Metaspace       used 28190K, capacity 28828K, committed 29104K, reserved 1075200K
  class space    used 3742K, capacity 3996K, committed 4096K, reserved 1048576K
}
Event: 14.182 GC heap after
{Heap after GC invocations=6 (full 0):
 garbage-first heap   total 196608K, used 19396K [0x0000000080000000, 0x0000000100000000)
  region size 1024K, 9 young (9216K), 9 survivors (9216K)
 Metaspace       used 28190K, capacity 28828K, committed 29104K, reserved 1075200K
  class space    used 3742K, capacity 3996K, committed 4096K, reserved 1048576K
}
Event: 15.991 GC heap before
{Heap before GC invocations=6 (full 0):
 garbage-first heap   total 196608K, used 51140K [0x0000000080000000, 0x0000000100000000)
  region size 1024K, 41 young (41984K), 9 survivors (9216K)
 Metaspace       used 34841K, capacity 35642K, committed 35708K, reserved 1081344K
  class space    used 4533K, capacity 4864K, committed 4864K, reserved 1048576K
}
Event: 16.015 GC heap after
{Heap after GC invocations=7 (full 0):
 garbage-first heap   total 196608K, used 23563K [0x0000000080000000, 0x0000000100000000)
  region size 1024K, 7 young (7168K), 7 survivors (7168K)
 Metaspace       used 34841K, capacity 35642K, committed 35708K, reserved 1081344K
  class space    used 4533K, capacity 4864K, committed 4864K, reserved 1048576K
}
Event: 20.107 GC heap before
{Heap before GC invocations=8 (full 0):
 garbage-first heap   total 196608K, used 137227K [0x0000000080000000, 0x0000000100000000)
  region size 1024K, 115 young (117760K), 7 survivors (7168K)
 Metaspace       used 43926K, capacity 45066K, committed 45180K, reserved 1089536K
  class space    used 5619K, capacity 6034K, committed 6144K, reserved 1048576K
}
Event: 20.156 GC heap after
{Heap after GC invocations=9 (full 0):
 garbage-first heap   total 196608K, used 28427K [0x0000000080000000, 0x0000000100000000)
  region size 1024K, 12 young (12288K), 12 survivors (12288K)
 Metaspace       used 43926K, capacity 45066K, committed 45180K, reserved 1089536K
  class space    used 5619K, capacity 6034K, committed 6144K, reserved 1048576K
}
Event: 29.493 GC heap before
{Heap before GC invocations=10 (full 0):
 garbage-first heap   total 196608K, used 136971K [0x0000000080000000, 0x0000000100000000)
  region size 1024K, 115 young (117760K), 12 survivors (12288K)
 Metaspace       used 52318K, capacity 53706K, committed 53884K, reserved 1095680K
  class space    used 6660K, capacity 7168K, committed 7168K, reserved 1048576K
}
Event: 29.542 GC heap after
{Heap after GC invocations=11 (full 0):
 garbage-first heap   total 196608K, used 43048K [0x0000000080000000, 0x0000000100000000)
  region size 1024K, 15 young (15360K), 15 survivors (15360K)
 Metaspace       used 52318K, capacity 53706K, committed 53884K, reserved 1095680K
  class space    used 6660K, capacity 7168K, committed 7168K, reserved 1048576K
}
Event: 35.776 GC heap before
{Heap before GC invocations=11 (full 0):
 garbage-first heap   total 196608K, used 145448K [0x0000000080000000, 0x0000000100000000)
  region size 1024K, 115 young (117760K), 15 survivors (15360K)
 Metaspace       used 64339K, capacity 65912K, committed 66172K, reserved 1107968K
  class space    used 8133K, capacity 8678K, committed 8704K, reserved 1048576K
}

